mode: set
github.com/justSteven-lang/text-to-speech/tts/tts.go:8.53,9.16 1 1
github.com/justSteven-lang/text-to-speech/tts/tts.go:9.16,11.3 1 0
github.com/justSteven-lang/text-to-speech/tts/tts.go:13.2,20.18 2 1
github.com/justSteven-lang/text-to-speech/main.go:14.53,15.54 1 1
github.com/justSteven-lang/text-to-speech/main.go:15.54,17.17 2 1
github.com/justSteven-lang/text-to-speech/main.go:17.17,20.4 2 1
github.com/justSteven-lang/text-to-speech/main.go:22.3,23.17 2 1
github.com/justSteven-lang/text-to-speech/main.go:23.17,26.4 2 0
github.com/justSteven-lang/text-to-speech/main.go:28.3,28.16 1 1
github.com/justSteven-lang/text-to-speech/main.go:28.16,29.50 1 1
github.com/justSteven-lang/text-to-speech/main.go:29.50,31.3 1 0
github.com/justSteven-lang/text-to-speech/main.go:35.3,35.55 1 1
github.com/justSteven-lang/text-to-speech/main.go:35.55,38.4 2 1
github.com/justSteven-lang/text-to-speech/main.go:40.3,41.17 2 1
github.com/justSteven-lang/text-to-speech/main.go:41.17,44.4 2 0
github.com/justSteven-lang/text-to-speech/main.go:45.3,45.16 1 1
github.com/justSteven-lang/text-to-speech/main.go:45.16,46.37 1 1
github.com/justSteven-lang/text-to-speech/main.go:46.37,48.3 1 0
github.com/justSteven-lang/text-to-speech/main.go:52.3,53.45 2 1
github.com/justSteven-lang/text-to-speech/main.go:53.45,56.2 2 0
github.com/justSteven-lang/text-to-speech/main.go:62.31,67.73 3 1
github.com/justSteven-lang/text-to-speech/main.go:67.73,69.50 2 1
github.com/justSteven-lang/text-to-speech/main.go:69.50,72.4 2 0
github.com/justSteven-lang/text-to-speech/main.go:75.2,75.12 1 1
github.com/justSteven-lang/text-to-speech/main.go:79.13,82.2 2 0
